<?xml version="1.0" encoding="UTF-8"?>
<testsuite xmlns:xsi="http://www.w3.org/2001/XMLSchema-instance" xsi:noNamespaceSchemaLocation="https://maven.apache.org/surefire/maven-surefire-plugin/xsd/surefire-test-report.xsd" name="ca.jrvs.apps.twitter.TwitterRestDaoTest" time="1.818" tests="2" errors="2" skipped="0" failures="0">
  <properties>
[...]
</properties>
  <testcase name="create" classname="ca.jrvs.apps.twitter.TwitterRestDaoTest" time="1.424">
    <error message="com.fasterxml.jackson.databind.exc.UnrecognizedPropertyException: Unrecognized field &quot;errors&quot; (class ca.jrvs.apps.twitter.dto.Tweet), not marked as ignorable (10 known properties: &quot;entities&quot;, &quot;favorited&quot;, &quot;created_at&quot;, &quot;id&quot;, &quot;favorite_count&quot;, &quot;id_str&quot;, &quot;retweet_count&quot;, &quot;coordinates&quot;, &quot;text&quot;, &quot;retweeted&quot;])&#10; at [Source: (String)&quot;{&quot;errors&quot;:[{&quot;code&quot;:187,&quot;message&quot;:&quot;Status is a duplicate.&quot;}]}&quot;; line: 1, column: 12] (through reference chain: ca.jrvs.apps.twitter.dto.Tweet[&quot;errors&quot;])" type="java.lang.RuntimeException">java.lang.RuntimeException: 
com.fasterxml.jackson.databind.exc.UnrecognizedPropertyException: Unrecognized field "errors" (class ca.jrvs.apps.twitter.dto.Tweet), not marked as ignorable (10 known properties: "entities", "favorited", "created_at", "id", "favorite_count", "id_str", "retweet_count", "coordinates", "text", "retweeted"])
 at [Source: (String)"{"errors":[{"code":187,"message":"Status is a duplicate."}]}"; line: 1, column: 12] (through reference chain: ca.jrvs.apps.twitter.dto.Tweet["errors"])
	at ca.jrvs.apps.twitter.TwitterRestDaoTest.create(TwitterRestDaoTest.java:51)
Caused by: com.fasterxml.jackson.databind.exc.UnrecognizedPropertyException: 
Unrecognized field "errors" (class ca.jrvs.apps.twitter.dto.Tweet), not marked as ignorable (10 known properties: "entities", "favorited", "created_at", "id", "favorite_count", "id_str", "retweet_count", "coordinates", "text", "retweeted"])
 at [Source: (String)"{"errors":[{"code":187,"message":"Status is a duplicate."}]}"; line: 1, column: 12] (through reference chain: ca.jrvs.apps.twitter.dto.Tweet["errors"])
	at ca.jrvs.apps.twitter.TwitterRestDaoTest.create(TwitterRestDaoTest.java:51)
</error>
    <system-out><![CDATA[17:09:38.753 [main] DEBUG org.apache.http.impl.conn.BasicClientConnectionManager - Get connection for route {s}->https://api.twitter.com:443
17:09:38.786 [main] DEBUG org.apache.http.impl.conn.DefaultClientConnectionOperator - Connecting to api.twitter.com:443
17:09:39.111 [main] DEBUG org.apache.http.client.protocol.RequestAddCookies - CookieSpec selected: default
17:09:39.112 [main] DEBUG org.apache.http.client.protocol.RequestAuthCache - Auth cache not set in the context
17:09:39.112 [main] DEBUG org.apache.http.client.protocol.RequestProxyAuthentication - Proxy auth state: UNCHALLENGED
17:09:39.113 [main] DEBUG org.apache.http.impl.client.DefaultHttpClient - Attempt 1 to execute request
17:09:39.113 [main] DEBUG org.apache.http.impl.conn.DefaultClientConnection - Sending request: POST /1.1/statuses/update.json?trim_user=true&long=50.0&lat=50.0&status=ThisJjunitTest HTTP/1.1
17:09:39.114 [main] DEBUG org.apache.http.wire -  >> "POST /1.1/statuses/update.json?trim_user=true&long=50.0&lat=50.0&status=ThisJjunitTest HTTP/1.1[\r][\n]"
17:09:39.115 [main] DEBUG org.apache.http.wire -  >> "Authorization: OAuth oauth_consumer_key="8VqXqUK6uzXpEMMqPomlhYUAw", oauth_nonce="2497017813285438353", oauth_signature="LXicrp0g8ddNFWlBAS9K2AVprP8%3D", oauth_signature_method="HMAC-SHA1", oauth_timestamp="1563815378", oauth_token="1144303609770848256-OMp65nfXYvtSFc2tOQBXuanMTrEBZR", oauth_version="1.0"[\r][\n]"
17:09:39.115 [main] DEBUG org.apache.http.wire -  >> "Content-Length: 0[\r][\n]"
17:09:39.115 [main] DEBUG org.apache.http.wire -  >> "Host: api.twitter.com[\r][\n]"
17:09:39.115 [main] DEBUG org.apache.http.wire -  >> "Connection: Keep-Alive[\r][\n]"
17:09:39.116 [main] DEBUG org.apache.http.wire -  >> "User-Agent: Apache-HttpClient/4.5.7 (Java/1.8.0_212)[\r][\n]"
17:09:39.116 [main] DEBUG org.apache.http.wire -  >> "[\r][\n]"
17:09:39.116 [main] DEBUG org.apache.http.headers - >> POST /1.1/statuses/update.json?trim_user=true&long=50.0&lat=50.0&status=ThisJjunitTest HTTP/1.1
17:09:39.116 [main] DEBUG org.apache.http.headers - >> Authorization: OAuth oauth_consumer_key="8VqXqUK6uzXpEMMqPomlhYUAw", oauth_nonce="2497017813285438353", oauth_signature="LXicrp0g8ddNFWlBAS9K2AVprP8%3D", oauth_signature_method="HMAC-SHA1", oauth_timestamp="1563815378", oauth_token="1144303609770848256-OMp65nfXYvtSFc2tOQBXuanMTrEBZR", oauth_version="1.0"
17:09:39.116 [main] DEBUG org.apache.http.headers - >> Content-Length: 0
17:09:39.116 [main] DEBUG org.apache.http.headers - >> Host: api.twitter.com
17:09:39.116 [main] DEBUG org.apache.http.headers - >> Connection: Keep-Alive
17:09:39.116 [main] DEBUG org.apache.http.headers - >> User-Agent: Apache-HttpClient/4.5.7 (Java/1.8.0_212)
17:09:39.165 [main] DEBUG org.apache.http.wire -  << "HTTP/1.1 403 Forbidden[\r][\n]"
17:09:39.167 [main] DEBUG org.apache.http.wire -  << "cache-control: no-cache, no-store, must-revalidate, pre-check=0, post-check=0[\r][\n]"
17:09:39.167 [main] DEBUG org.apache.http.wire -  << "content-disposition: attachment; filename=json.json[\r][\n]"
17:09:39.167 [main] DEBUG org.apache.http.wire -  << "content-length: 60[\r][\n]"
17:09:39.167 [main] DEBUG org.apache.http.wire -  << "content-type: application/json;charset=utf-8[\r][\n]"
17:09:39.167 [main] DEBUG org.apache.http.wire -  << "date: Mon, 22 Jul 2019 17:09:39 GMT[\r][\n]"
17:09:39.167 [main] DEBUG org.apache.http.wire -  << "expires: Tue, 31 Mar 1981 05:00:00 GMT[\r][\n]"
17:09:39.167 [main] DEBUG org.apache.http.wire -  << "last-modified: Mon, 22 Jul 2019 17:09:39 GMT[\r][\n]"
17:09:39.167 [main] DEBUG org.apache.http.wire -  << "pragma: no-cache[\r][\n]"
17:09:39.168 [main] DEBUG org.apache.http.wire -  << "server: tsa_b[\r][\n]"
17:09:39.168 [main] DEBUG org.apache.http.wire -  << "set-cookie: personalization_id="v1_7r060A+Cpyl1ATqFPDeQ9g=="; Max-Age=63072000; Expires=Wed, 21 Jul 2021 17:09:39 GMT; Path=/; Domain=.twitter.com[\r][\n]"
17:09:39.168 [main] DEBUG org.apache.http.wire -  << "set-cookie: lang=en; Path=/[\r][\n]"
17:09:39.168 [main] DEBUG org.apache.http.wire -  << "set-cookie: guest_id=v1%3A156381537913531221; Max-Age=63072000; Expires=Wed, 21 Jul 2021 17:09:39 GMT; Path=/; Domain=.twitter.com[\r][\n]"
17:09:39.168 [main] DEBUG org.apache.http.wire -  << "status: 403 Forbidden[\r][\n]"
17:09:39.168 [main] DEBUG org.apache.http.wire -  << "strict-transport-security: max-age=631138519[\r][\n]"
17:09:39.168 [main] DEBUG org.apache.http.wire -  << "x-access-level: read-write[\r][\n]"
17:09:39.168 [main] DEBUG org.apache.http.wire -  << "x-connection-hash: cc3ea9f81a4b7b4f5d801ed63fc6cbce[\r][\n]"
17:09:39.168 [main] DEBUG org.apache.http.wire -  << "x-content-type-options: nosniff[\r][\n]"
17:09:39.168 [main] DEBUG org.apache.http.wire -  << "x-frame-options: SAMEORIGIN[\r][\n]"
17:09:39.168 [main] DEBUG org.apache.http.wire -  << "x-response-time: 18[\r][\n]"
17:09:39.168 [main] DEBUG org.apache.http.wire -  << "x-transaction: 009cc6cd009b86d7[\r][\n]"
17:09:39.168 [main] DEBUG org.apache.http.wire -  << "x-twitter-response-tags: BouncerCompliant[\r][\n]"
17:09:39.169 [main] DEBUG org.apache.http.wire -  << "x-xss-protection: 0[\r][\n]"
17:09:39.169 [main] DEBUG org.apache.http.wire -  << "[\r][\n]"
17:09:39.169 [main] DEBUG org.apache.http.impl.conn.DefaultClientConnection - Receiving response: HTTP/1.1 403 Forbidden
17:09:39.169 [main] DEBUG org.apache.http.headers - << HTTP/1.1 403 Forbidden
17:09:39.170 [main] DEBUG org.apache.http.headers - << cache-control: no-cache, no-store, must-revalidate, pre-check=0, post-check=0
17:09:39.170 [main] DEBUG org.apache.http.headers - << content-disposition: attachment; filename=json.json
17:09:39.170 [main] DEBUG org.apache.http.headers - << content-length: 60
17:09:39.170 [main] DEBUG org.apache.http.headers - << content-type: application/json;charset=utf-8
17:09:39.170 [main] DEBUG org.apache.http.headers - << date: Mon, 22 Jul 2019 17:09:39 GMT
17:09:39.170 [main] DEBUG org.apache.http.headers - << expires: Tue, 31 Mar 1981 05:00:00 GMT
17:09:39.170 [main] DEBUG org.apache.http.headers - << last-modified: Mon, 22 Jul 2019 17:09:39 GMT
17:09:39.170 [main] DEBUG org.apache.http.headers - << pragma: no-cache
17:09:39.170 [main] DEBUG org.apache.http.headers - << server: tsa_b
17:09:39.170 [main] DEBUG org.apache.http.headers - << set-cookie: personalization_id="v1_7r060A+Cpyl1ATqFPDeQ9g=="; Max-Age=63072000; Expires=Wed, 21 Jul 2021 17:09:39 GMT; Path=/; Domain=.twitter.com
17:09:39.170 [main] DEBUG org.apache.http.headers - << set-cookie: lang=en; Path=/
17:09:39.170 [main] DEBUG org.apache.http.headers - << set-cookie: guest_id=v1%3A156381537913531221; Max-Age=63072000; Expires=Wed, 21 Jul 2021 17:09:39 GMT; Path=/; Domain=.twitter.com
17:09:39.170 [main] DEBUG org.apache.http.headers - << status: 403 Forbidden
17:09:39.170 [main] DEBUG org.apache.http.headers - << strict-transport-security: max-age=631138519
17:09:39.170 [main] DEBUG org.apache.http.headers - << x-access-level: read-write
17:09:39.170 [main] DEBUG org.apache.http.headers - << x-connection-hash: cc3ea9f81a4b7b4f5d801ed63fc6cbce
17:09:39.170 [main] DEBUG org.apache.http.headers - << x-content-type-options: nosniff
17:09:39.170 [main] DEBUG org.apache.http.headers - << x-frame-options: SAMEORIGIN
17:09:39.170 [main] DEBUG org.apache.http.headers - << x-response-time: 18
17:09:39.170 [main] DEBUG org.apache.http.headers - << x-transaction: 009cc6cd009b86d7
17:09:39.170 [main] DEBUG org.apache.http.headers - << x-twitter-response-tags: BouncerCompliant
17:09:39.170 [main] DEBUG org.apache.http.headers - << x-xss-protection: 0
17:09:39.185 [main] WARN org.apache.http.client.protocol.ResponseProcessCookies - Invalid cookie header: "set-cookie: personalization_id="v1_7r060A+Cpyl1ATqFPDeQ9g=="; Max-Age=63072000; Expires=Wed, 21 Jul 2021 17:09:39 GMT; Path=/; Domain=.twitter.com". Invalid 'expires' attribute: Wed, 21 Jul 2021 17:09:39 GMT
17:09:39.185 [main] DEBUG org.apache.http.client.protocol.ResponseProcessCookies - Cookie accepted [lang="en", version:0, domain:api.twitter.com, path:/, expiry:null]
17:09:39.186 [main] WARN org.apache.http.client.protocol.ResponseProcessCookies - Invalid cookie header: "set-cookie: guest_id=v1%3A156381537913531221; Max-Age=63072000; Expires=Wed, 21 Jul 2021 17:09:39 GMT; Path=/; Domain=.twitter.com". Invalid 'expires' attribute: Wed, 21 Jul 2021 17:09:39 GMT
17:09:39.188 [main] DEBUG org.apache.http.impl.client.DefaultHttpClient - Connection can be kept alive indefinitely
17:09:39.205 [main] DEBUG org.apache.http.wire -  << "{"errors":[{"code":187,"message":"Status is a duplicate."}]}"
17:09:39.205 [main] DEBUG org.apache.http.impl.conn.BasicClientConnectionManager - Releasing connection org.apache.http.impl.conn.ManagedClientConnectionImpl@6295d394
17:09:39.205 [main] DEBUG org.apache.http.impl.conn.BasicClientConnectionManager - Connection can be kept alive indefinitely
]]></system-out>
    <system-err><![CDATA[com.fasterxml.jackson.databind.exc.UnrecognizedPropertyException: Unrecognized field "errors" (class ca.jrvs.apps.twitter.dto.Tweet), not marked as ignorable (10 known properties: "entities", "favorited", "created_at", "id", "favorite_count", "id_str", "retweet_count", "coordinates", "text", "retweeted"])
 at [Source: (String)"{"errors":[{"code":187,"message":"Status is a duplicate."}]}"; line: 1, column: 12] (through reference chain: ca.jrvs.apps.twitter.dto.Tweet["errors"])
	at com.fasterxml.jackson.databind.exc.UnrecognizedPropertyException.from(UnrecognizedPropertyException.java:61)
	at com.fasterxml.jackson.databind.DeserializationContext.handleUnknownProperty(DeserializationContext.java:823)
	at com.fasterxml.jackson.databind.deser.std.StdDeserializer.handleUnknownProperty(StdDeserializer.java:1153)
	at com.fasterxml.jackson.databind.deser.BeanDeserializerBase.handleUnknownProperty(BeanDeserializerBase.java:1589)
	at com.fasterxml.jackson.databind.deser.BeanDeserializerBase.handleUnknownVanilla(BeanDeserializerBase.java:1567)
	at com.fasterxml.jackson.databind.deser.BeanDeserializer.vanillaDeserialize(BeanDeserializer.java:294)
	at com.fasterxml.jackson.databind.deser.BeanDeserializer.deserialize(BeanDeserializer.java:151)
	at com.fasterxml.jackson.databind.ObjectMapper._readMapAndClose(ObjectMapper.java:4013)
	at com.fasterxml.jackson.databind.ObjectMapper.readValue(ObjectMapper.java:3004)
	at ca.jrvs.apps.twitter.dao.TwitterRestDao.toObjectFromJson(TwitterRestDao.java:114)
	at ca.jrvs.apps.twitter.dao.TwitterRestDao.create(TwitterRestDao.java:48)
	at ca.jrvs.apps.twitter.TwitterRestDaoTest.create(TwitterRestDaoTest.java:51)
	at sun.reflect.NativeMethodAccessorImpl.invoke0(Native Method)
	at sun.reflect.NativeMethodAccessorImpl.invoke(NativeMethodAccessorImpl.java:62)
	at sun.reflect.DelegatingMethodAccessorImpl.invoke(DelegatingMethodAccessorImpl.java:43)
	at java.lang.reflect.Method.invoke(Method.java:498)
	at org.junit.runners.model.FrameworkMethod$1.runReflectiveCall(FrameworkMethod.java:50)
	at org.junit.internal.runners.model.ReflectiveCallable.run(ReflectiveCallable.java:12)
	at org.junit.runners.model.FrameworkMethod.invokeExplosively(FrameworkMethod.java:47)
	at org.junit.internal.runners.statements.InvokeMethod.evaluate(InvokeMethod.java:17)
	at org.junit.internal.runners.statements.RunBefores.evaluate(RunBefores.java:26)
	at org.junit.runners.ParentRunner.runLeaf(ParentRunner.java:325)
	at org.junit.runners.BlockJUnit4ClassRunner.runChild(BlockJUnit4ClassRunner.java:78)
	at org.junit.runners.BlockJUnit4ClassRunner.runChild(BlockJUnit4ClassRunner.java:57)
	at org.junit.runners.ParentRunner$3.run(ParentRunner.java:290)
	at org.junit.runners.ParentRunner$1.schedule(ParentRunner.java:71)
	at org.junit.runners.ParentRunner.runChildren(ParentRunner.java:288)
	at org.junit.runners.ParentRunner.access$000(ParentRunner.java:58)
	at org.junit.runners.ParentRunner$2.evaluate(ParentRunner.java:268)
	at org.junit.runners.ParentRunner.run(ParentRunner.java:363)
	at org.apache.maven.surefire.junit4.JUnit4Provider.execute(JUnit4Provider.java:365)
	at org.apache.maven.surefire.junit4.JUnit4Provider.executeWithRerun(JUnit4Provider.java:273)
	at org.apache.maven.surefire.junit4.JUnit4Provider.executeTestSet(JUnit4Provider.java:238)
	at org.apache.maven.surefire.junit4.JUnit4Provider.invoke(JUnit4Provider.java:159)
	at org.apache.maven.surefire.booter.ForkedBooter.invokeProviderInSameClassLoader(ForkedBooter.java:384)
	at org.apache.maven.surefire.booter.ForkedBooter.runSuitesInProcess(ForkedBooter.java:345)
	at org.apache.maven.surefire.booter.ForkedBooter.execute(ForkedBooter.java:126)
	at org.apache.maven.surefire.booter.ForkedBooter.main(ForkedBooter.java:418)
]]></system-err>
  </testcase>
  <testcase name="findById" classname="ca.jrvs.apps.twitter.TwitterRestDaoTest" time="0.263">
    <error message="com.fasterxml.jackson.databind.exc.UnrecognizedPropertyException: Unrecognized field &quot;truncated&quot; (class ca.jrvs.apps.twitter.dto.Tweet), not marked as ignorable (10 known properties: &quot;entities&quot;, &quot;favorited&quot;, &quot;created_at&quot;, &quot;id&quot;, &quot;favorite_count&quot;, &quot;id_str&quot;, &quot;retweet_count&quot;, &quot;coordinates&quot;, &quot;text&quot;, &quot;retweeted&quot;])&#10; at [Source: (String)&quot;{&quot;created_at&quot;:&quot;Mon Jul 22 11:51:33 +0000 2019&quot;,&quot;id&quot;:1153271358605996034,&quot;id_str&quot;:&quot;1153271358605996034&quot;,&quot;text&quot;:&quot;ThisisTest&quot;,&quot;truncated&quot;:false,&quot;entities&quot;:{&quot;hashtags&quot;:[],&quot;symbols&quot;:[],&quot;user_mentions&quot;:[],&quot;urls&quot;:[]},&quot;source&quot;:&quot;\u003ca href=\&quot;https:\/\/www.jrvs.ca\&quot; rel=\&quot;nofollow\&quot;\u003eSM JRVS Java API\u003c\/a\u003e&quot;,&quot;in_reply_to_status_id&quot;:null,&quot;in_reply_to_status_id_str&quot;:null,&quot;in_reply_to_user_id&quot;:null,&quot;in_reply_to_user_id_str&quot;:null,&quot;in_reply_to_screen_name&quot;:null,&quot;user&quot;:{&quot;id&quot;:1144303609770848256,&quot;i&quot;[truncated 1569 chars]; line: 1, column: 141] (through reference chain: ca.jrvs.apps.twitter.dto.Tweet[&quot;truncated&quot;])" type="java.lang.RuntimeException">java.lang.RuntimeException: 
com.fasterxml.jackson.databind.exc.UnrecognizedPropertyException: Unrecognized field "truncated" (class ca.jrvs.apps.twitter.dto.Tweet), not marked as ignorable (10 known properties: "entities", "favorited", "created_at", "id", "favorite_count", "id_str", "retweet_count", "coordinates", "text", "retweeted"])
 at [Source: (String)"{"created_at":"Mon Jul 22 11:51:33 +0000 2019","id":1153271358605996034,"id_str":"1153271358605996034","text":"ThisisTest","truncated":false,"entities":{"hashtags":[],"symbols":[],"user_mentions":[],"urls":[]},"source":"\u003ca href=\"https:\/\/www.jrvs.ca\" rel=\"nofollow\"\u003eSM JRVS Java API\u003c\/a\u003e","in_reply_to_status_id":null,"in_reply_to_status_id_str":null,"in_reply_to_user_id":null,"in_reply_to_user_id_str":null,"in_reply_to_screen_name":null,"user":{"id":1144303609770848256,"i"[truncated 1569 chars]; line: 1, column: 141] (through reference chain: ca.jrvs.apps.twitter.dto.Tweet["truncated"])
	at ca.jrvs.apps.twitter.TwitterRestDaoTest.findById(TwitterRestDaoTest.java:31)
Caused by: com.fasterxml.jackson.databind.exc.UnrecognizedPropertyException: 
Unrecognized field "truncated" (class ca.jrvs.apps.twitter.dto.Tweet), not marked as ignorable (10 known properties: "entities", "favorited", "created_at", "id", "favorite_count", "id_str", "retweet_count", "coordinates", "text", "retweeted"])
 at [Source: (String)"{"created_at":"Mon Jul 22 11:51:33 +0000 2019","id":1153271358605996034,"id_str":"1153271358605996034","text":"ThisisTest","truncated":false,"entities":{"hashtags":[],"symbols":[],"user_mentions":[],"urls":[]},"source":"\u003ca href=\"https:\/\/www.jrvs.ca\" rel=\"nofollow\"\u003eSM JRVS Java API\u003c\/a\u003e","in_reply_to_status_id":null,"in_reply_to_status_id_str":null,"in_reply_to_user_id":null,"in_reply_to_user_id_str":null,"in_reply_to_screen_name":null,"user":{"id":1144303609770848256,"i"[truncated 1569 chars]; line: 1, column: 141] (through reference chain: ca.jrvs.apps.twitter.dto.Tweet["truncated"])
	at ca.jrvs.apps.twitter.TwitterRestDaoTest.findById(TwitterRestDaoTest.java:31)
</error>
    <system-out><![CDATA[17:09:39.585 [main] DEBUG org.apache.http.impl.conn.BasicClientConnectionManager - Get connection for route {s}->https://api.twitter.com:443
17:09:39.586 [main] DEBUG org.apache.http.impl.conn.DefaultClientConnectionOperator - Connecting to api.twitter.com:443
17:09:39.745 [main] DEBUG org.apache.http.client.protocol.RequestAddCookies - CookieSpec selected: default
17:09:39.745 [main] DEBUG org.apache.http.client.protocol.RequestAuthCache - Auth cache not set in the context
17:09:39.745 [main] DEBUG org.apache.http.client.protocol.RequestProxyAuthentication - Proxy auth state: UNCHALLENGED
17:09:39.745 [main] DEBUG org.apache.http.impl.client.DefaultHttpClient - Attempt 1 to execute request
17:09:39.745 [main] DEBUG org.apache.http.impl.conn.DefaultClientConnection - Sending request: GET /1.1/statuses/show.json?id=1153271358605996034 HTTP/1.1
17:09:39.745 [main] DEBUG org.apache.http.wire -  >> "GET /1.1/statuses/show.json?id=1153271358605996034 HTTP/1.1[\r][\n]"
17:09:39.745 [main] DEBUG org.apache.http.wire -  >> "Authorization: OAuth oauth_consumer_key="8VqXqUK6uzXpEMMqPomlhYUAw", oauth_nonce="1625703619978437457", oauth_signature="kWFYKGKzaDtk8VwkkcyK5w7w5iI%3D", oauth_signature_method="HMAC-SHA1", oauth_timestamp="1563815379", oauth_token="1144303609770848256-OMp65nfXYvtSFc2tOQBXuanMTrEBZR", oauth_version="1.0"[\r][\n]"
17:09:39.746 [main] DEBUG org.apache.http.wire -  >> "Host: api.twitter.com[\r][\n]"
17:09:39.746 [main] DEBUG org.apache.http.wire -  >> "Connection: Keep-Alive[\r][\n]"
17:09:39.746 [main] DEBUG org.apache.http.wire -  >> "User-Agent: Apache-HttpClient/4.5.7 (Java/1.8.0_212)[\r][\n]"
17:09:39.746 [main] DEBUG org.apache.http.wire -  >> "[\r][\n]"
17:09:39.746 [main] DEBUG org.apache.http.headers - >> GET /1.1/statuses/show.json?id=1153271358605996034 HTTP/1.1
17:09:39.746 [main] DEBUG org.apache.http.headers - >> Authorization: OAuth oauth_consumer_key="8VqXqUK6uzXpEMMqPomlhYUAw", oauth_nonce="1625703619978437457", oauth_signature="kWFYKGKzaDtk8VwkkcyK5w7w5iI%3D", oauth_signature_method="HMAC-SHA1", oauth_timestamp="1563815379", oauth_token="1144303609770848256-OMp65nfXYvtSFc2tOQBXuanMTrEBZR", oauth_version="1.0"
17:09:39.746 [main] DEBUG org.apache.http.headers - >> Host: api.twitter.com
17:09:39.746 [main] DEBUG org.apache.http.headers - >> Connection: Keep-Alive
17:09:39.746 [main] DEBUG org.apache.http.headers - >> User-Agent: Apache-HttpClient/4.5.7 (Java/1.8.0_212)
17:09:39.804 [main] DEBUG org.apache.http.wire -  << "HTTP/1.1 200 OK[\r][\n]"
17:09:39.805 [main] DEBUG org.apache.http.wire -  << "cache-control: no-cache, no-store, must-revalidate, pre-check=0, post-check=0[\r][\n]"
17:09:39.805 [main] DEBUG org.apache.http.wire -  << "content-disposition: attachment; filename=json.json[\r][\n]"
17:09:39.805 [main] DEBUG org.apache.http.wire -  << "content-length: 2069[\r][\n]"
17:09:39.805 [main] DEBUG org.apache.http.wire -  << "content-type: application/json;charset=utf-8[\r][\n]"
17:09:39.805 [main] DEBUG org.apache.http.wire -  << "date: Mon, 22 Jul 2019 17:09:39 GMT[\r][\n]"
17:09:39.805 [main] DEBUG org.apache.http.wire -  << "expires: Tue, 31 Mar 1981 05:00:00 GMT[\r][\n]"
17:09:39.805 [main] DEBUG org.apache.http.wire -  << "last-modified: Mon, 22 Jul 2019 17:09:39 GMT[\r][\n]"
17:09:39.805 [main] DEBUG org.apache.http.wire -  << "pragma: no-cache[\r][\n]"
17:09:39.805 [main] DEBUG org.apache.http.wire -  << "server: tsa_b[\r][\n]"
17:09:39.805 [main] DEBUG org.apache.http.wire -  << "set-cookie: personalization_id="v1_CSHiH/Suk71AwDW6WjHKhQ=="; Max-Age=63072000; Expires=Wed, 21 Jul 2021 17:09:39 GMT; Path=/; Domain=.twitter.com[\r][\n]"
17:09:39.806 [main] DEBUG org.apache.http.wire -  << "set-cookie: lang=en; Path=/[\r][\n]"
17:09:39.806 [main] DEBUG org.apache.http.wire -  << "set-cookie: guest_id=v1%3A156381537977092679; Max-Age=63072000; Expires=Wed, 21 Jul 2021 17:09:39 GMT; Path=/; Domain=.twitter.com[\r][\n]"
17:09:39.806 [main] DEBUG org.apache.http.wire -  << "status: 200 OK[\r][\n]"
17:09:39.806 [main] DEBUG org.apache.http.wire -  << "strict-transport-security: max-age=631138519[\r][\n]"
17:09:39.806 [main] DEBUG org.apache.http.wire -  << "x-access-level: read-write[\r][\n]"
17:09:39.806 [main] DEBUG org.apache.http.wire -  << "x-connection-hash: f5dba6055673068f26f94d3f245f8dee[\r][\n]"
17:09:39.806 [main] DEBUG org.apache.http.wire -  << "x-content-type-options: nosniff[\r][\n]"
17:09:39.806 [main] DEBUG org.apache.http.wire -  << "x-frame-options: SAMEORIGIN[\r][\n]"
17:09:39.806 [main] DEBUG org.apache.http.wire -  << "x-rate-limit-limit: 900[\r][\n]"
17:09:39.806 [main] DEBUG org.apache.http.wire -  << "x-rate-limit-remaining: 899[\r][\n]"
17:09:39.806 [main] DEBUG org.apache.http.wire -  << "x-rate-limit-reset: 1563816279[\r][\n]"
17:09:39.806 [main] DEBUG org.apache.http.wire -  << "x-response-time: 31[\r][\n]"
17:09:39.806 [main] DEBUG org.apache.http.wire -  << "x-transaction: 00f91bd1004d0fc7[\r][\n]"
17:09:39.806 [main] DEBUG org.apache.http.wire -  << "x-twitter-response-tags: BouncerCompliant[\r][\n]"
17:09:39.807 [main] DEBUG org.apache.http.wire -  << "x-xss-protection: 0[\r][\n]"
17:09:39.807 [main] DEBUG org.apache.http.wire -  << "[\r][\n]"
17:09:39.807 [main] DEBUG org.apache.http.impl.conn.DefaultClientConnection - Receiving response: HTTP/1.1 200 OK
17:09:39.807 [main] DEBUG org.apache.http.headers - << HTTP/1.1 200 OK
17:09:39.807 [main] DEBUG org.apache.http.headers - << cache-control: no-cache, no-store, must-revalidate, pre-check=0, post-check=0
17:09:39.807 [main] DEBUG org.apache.http.headers - << content-disposition: attachment; filename=json.json
17:09:39.807 [main] DEBUG org.apache.http.headers - << content-length: 2069
17:09:39.807 [main] DEBUG org.apache.http.headers - << content-type: application/json;charset=utf-8
17:09:39.807 [main] DEBUG org.apache.http.headers - << date: Mon, 22 Jul 2019 17:09:39 GMT
17:09:39.807 [main] DEBUG org.apache.http.headers - << expires: Tue, 31 Mar 1981 05:00:00 GMT
17:09:39.807 [main] DEBUG org.apache.http.headers - << last-modified: Mon, 22 Jul 2019 17:09:39 GMT
17:09:39.807 [main] DEBUG org.apache.http.headers - << pragma: no-cache
17:09:39.807 [main] DEBUG org.apache.http.headers - << server: tsa_b
17:09:39.807 [main] DEBUG org.apache.http.headers - << set-cookie: personalization_id="v1_CSHiH/Suk71AwDW6WjHKhQ=="; Max-Age=63072000; Expires=Wed, 21 Jul 2021 17:09:39 GMT; Path=/; Domain=.twitter.com
17:09:39.807 [main] DEBUG org.apache.http.headers - << set-cookie: lang=en; Path=/
17:09:39.807 [main] DEBUG org.apache.http.headers - << set-cookie: guest_id=v1%3A156381537977092679; Max-Age=63072000; Expires=Wed, 21 Jul 2021 17:09:39 GMT; Path=/; Domain=.twitter.com
17:09:39.807 [main] DEBUG org.apache.http.headers - << status: 200 OK
17:09:39.807 [main] DEBUG org.apache.http.headers - << strict-transport-security: max-age=631138519
17:09:39.807 [main] DEBUG org.apache.http.headers - << x-access-level: read-write
17:09:39.807 [main] DEBUG org.apache.http.headers - << x-connection-hash: f5dba6055673068f26f94d3f245f8dee
17:09:39.807 [main] DEBUG org.apache.http.headers - << x-content-type-options: nosniff
17:09:39.807 [main] DEBUG org.apache.http.headers - << x-frame-options: SAMEORIGIN
17:09:39.807 [main] DEBUG org.apache.http.headers - << x-rate-limit-limit: 900
17:09:39.807 [main] DEBUG org.apache.http.headers - << x-rate-limit-remaining: 899
17:09:39.807 [main] DEBUG org.apache.http.headers - << x-rate-limit-reset: 1563816279
17:09:39.807 [main] DEBUG org.apache.http.headers - << x-response-time: 31
17:09:39.807 [main] DEBUG org.apache.http.headers - << x-transaction: 00f91bd1004d0fc7
17:09:39.807 [main] DEBUG org.apache.http.headers - << x-twitter-response-tags: BouncerCompliant
17:09:39.807 [main] DEBUG org.apache.http.headers - << x-xss-protection: 0
17:09:39.808 [main] WARN org.apache.http.client.protocol.ResponseProcessCookies - Invalid cookie header: "set-cookie: personalization_id="v1_CSHiH/Suk71AwDW6WjHKhQ=="; Max-Age=63072000; Expires=Wed, 21 Jul 2021 17:09:39 GMT; Path=/; Domain=.twitter.com". Invalid 'expires' attribute: Wed, 21 Jul 2021 17:09:39 GMT
17:09:39.808 [main] DEBUG org.apache.http.client.protocol.ResponseProcessCookies - Cookie accepted [lang="en", version:0, domain:api.twitter.com, path:/, expiry:null]
17:09:39.809 [main] WARN org.apache.http.client.protocol.ResponseProcessCookies - Invalid cookie header: "set-cookie: guest_id=v1%3A156381537977092679; Max-Age=63072000; Expires=Wed, 21 Jul 2021 17:09:39 GMT; Path=/; Domain=.twitter.com". Invalid 'expires' attribute: Wed, 21 Jul 2021 17:09:39 GMT
17:09:39.809 [main] DEBUG org.apache.http.impl.client.DefaultHttpClient - Connection can be kept alive indefinitely
17:09:39.810 [main] DEBUG org.apache.http.wire -  << "{"created_at":"Mon Jul 22 11:51:33 +0000 2019","id":1153271358605996034,"id_str":"1153271358605996034","text":"ThisisTest","truncated":false,"entities":{"hashtags":[],"symbols":[],"user_mentions":[],"urls":[]},"source":"\u003ca href=\"https:\/\/www.jrvs.ca\" rel=\"nofollow\"\u003eSM JRVS Java API\u003c\/a\u003e","in_reply_to_status_id":null,"in_reply_to_status_id_str":null,"in_reply_to_user_id":null,"in_reply_to_user_id_str":null,"in_reply_to_screen_name":null,"user":{"id":1144303609770848256,"id_str":"1144303609770848256","name":"Sumit","screen_name":"Sumit92445706","location":"","description":"Learning Development","url":null,"entities":{"description":{"urls":[]}},"protected":false,"followers_count":1,"friends_count":1,"listed_count":0,"created_at":"Thu Jun 27 17:56:55 +0000 2019","favourites_count":0,"utc_offset":null,"time_zone":null,"geo_enabled":true,"verified":false,"statuses_count":26,"lang":null,"contributors_enabled":false,"is_translator":false,"is_translation_enabled":false,"profile_background_color":"000000","profile_background_image_url":"http:\/\/abs.twimg.com\/images\/themes\/theme1\/bg.png","profile_background_image_url_https":"https:\/\/abs.twimg.com\/images\/themes\/theme1\/bg.png","profile_background_tile":false,"profile_image_url":"http:\/\/abs.twimg.com\/sticky\/default_profile_images\/default_profile_normal.png","profile_image_url_https":"https:\/\/abs.twimg.com\/sticky\/default_profile_images\/default_profile_normal.png","profile_link_color":"1DA1F2","profile_sidebar_border_color":"000000","profile_sidebar_fill_color":"000000","profile_text_color":"000000","profile_use_background_image":false,"has_extended_profile":false,"default_profile":false,"default_profile_image":true,"following":false,"follow_request_sent":false,"notifications":false,"translator_type":"none"},"geo":{"type":"Point","coordinates":[-50.0,50.0]},"coordinates":{"type":"Point","coordinates":[50.0,-50.0]},"place":null,"contributors":null,"is_quote_status":false,"retweet_count":0,"favorite_count":0,"favorited":false,"retweeted":false,"lang":"en"}"
17:09:39.811 [main] DEBUG org.apache.http.impl.conn.BasicClientConnectionManager - Releasing connection org.apache.http.impl.conn.ManagedClientConnectionImpl@793be5ca
17:09:39.811 [main] DEBUG org.apache.http.impl.conn.BasicClientConnectionManager - Connection can be kept alive indefinitely
]]></system-out>
    <system-err><![CDATA[com.fasterxml.jackson.databind.exc.UnrecognizedPropertyException: Unrecognized field "truncated" (class ca.jrvs.apps.twitter.dto.Tweet), not marked as ignorable (10 known properties: "entities", "favorited", "created_at", "id", "favorite_count", "id_str", "retweet_count", "coordinates", "text", "retweeted"])
 at [Source: (String)"{"created_at":"Mon Jul 22 11:51:33 +0000 2019","id":1153271358605996034,"id_str":"1153271358605996034","text":"ThisisTest","truncated":false,"entities":{"hashtags":[],"symbols":[],"user_mentions":[],"urls":[]},"source":"\u003ca href=\"https:\/\/www.jrvs.ca\" rel=\"nofollow\"\u003eSM JRVS Java API\u003c\/a\u003e","in_reply_to_status_id":null,"in_reply_to_status_id_str":null,"in_reply_to_user_id":null,"in_reply_to_user_id_str":null,"in_reply_to_screen_name":null,"user":{"id":1144303609770848256,"i"[truncated 1569 chars]; line: 1, column: 141] (through reference chain: ca.jrvs.apps.twitter.dto.Tweet["truncated"])
	at com.fasterxml.jackson.databind.exc.UnrecognizedPropertyException.from(UnrecognizedPropertyException.java:61)
	at com.fasterxml.jackson.databind.DeserializationContext.handleUnknownProperty(DeserializationContext.java:823)
	at com.fasterxml.jackson.databind.deser.std.StdDeserializer.handleUnknownProperty(StdDeserializer.java:1153)
	at com.fasterxml.jackson.databind.deser.BeanDeserializerBase.handleUnknownProperty(BeanDeserializerBase.java:1589)
	at com.fasterxml.jackson.databind.deser.BeanDeserializerBase.handleUnknownVanilla(BeanDeserializerBase.java:1567)
	at com.fasterxml.jackson.databind.deser.BeanDeserializer.vanillaDeserialize(BeanDeserializer.java:294)
	at com.fasterxml.jackson.databind.deser.BeanDeserializer.deserialize(BeanDeserializer.java:151)
	at com.fasterxml.jackson.databind.ObjectMapper._readMapAndClose(ObjectMapper.java:4013)
	at com.fasterxml.jackson.databind.ObjectMapper.readValue(ObjectMapper.java:3004)
	at ca.jrvs.apps.twitter.dao.TwitterRestDao.toObjectFromJson(TwitterRestDao.java:114)
	at ca.jrvs.apps.twitter.dao.TwitterRestDao.findById(TwitterRestDao.java:106)
	at ca.jrvs.apps.twitter.TwitterRestDaoTest.findById(TwitterRestDaoTest.java:31)
	at sun.reflect.NativeMethodAccessorImpl.invoke0(Native Method)
	at sun.reflect.NativeMethodAccessorImpl.invoke(NativeMethodAccessorImpl.java:62)
	at sun.reflect.DelegatingMethodAccessorImpl.invoke(DelegatingMethodAccessorImpl.java:43)
	at java.lang.reflect.Method.invoke(Method.java:498)
	at org.junit.runners.model.FrameworkMethod$1.runReflectiveCall(FrameworkMethod.java:50)
	at org.junit.internal.runners.model.ReflectiveCallable.run(ReflectiveCallable.java:12)
	at org.junit.runners.model.FrameworkMethod.invokeExplosively(FrameworkMethod.java:47)
	at org.junit.internal.runners.statements.InvokeMethod.evaluate(InvokeMethod.java:17)
	at org.junit.internal.runners.statements.RunBefores.evaluate(RunBefores.java:26)
	at org.junit.runners.ParentRunner.runLeaf(ParentRunner.java:325)
	at org.junit.runners.BlockJUnit4ClassRunner.runChild(BlockJUnit4ClassRunner.java:78)
	at org.junit.runners.BlockJUnit4ClassRunner.runChild(BlockJUnit4ClassRunner.java:57)
	at org.junit.runners.ParentRunner$3.run(ParentRunner.java:290)
	at org.junit.runners.ParentRunner$1.schedule(ParentRunner.java:71)
	at org.junit.runners.ParentRunner.runChildren(ParentRunner.java:288)
	at org.junit.runners.ParentRunner.access$000(ParentRunner.java:58)
	at org.junit.runners.ParentRunner$2.evaluate(ParentRunner.java:268)
	at org.junit.runners.ParentRunner.run(ParentRunner.java:363)
	at org.apache.maven.surefire.junit4.JUnit4Provider.execute(JUnit4Provider.java:365)
	at org.apache.maven.surefire.junit4.JUnit4Provider.executeWithRerun(JUnit4Provider.java:273)
	at org.apache.maven.surefire.junit4.JUnit4Provider.executeTestSet(JUnit4Provider.java:238)
	at org.apache.maven.surefire.junit4.JUnit4Provider.invoke(JUnit4Provider.java:159)
	at org.apache.maven.surefire.booter.ForkedBooter.invokeProviderInSameClassLoader(ForkedBooter.java:384)
	at org.apache.maven.surefire.booter.ForkedBooter.runSuitesInProcess(ForkedBooter.java:345)
	at org.apache.maven.surefire.booter.ForkedBooter.execute(ForkedBooter.java:126)
	at org.apache.maven.surefire.booter.ForkedBooter.main(ForkedBooter.java:418)
]]></system-err>
  </testcase>
</testsuite>